2023-12-07 18:55:23,517 - INFO: 预约结果:{'msg': '', 'officeAccount': {'color': '#4D88FF', 'text': '京东JD.COM'}, 'flag': True, 'code': '0', 'addCartContent': '', 'couponContent': None, 'link': 'https://v.m.jd.com/webhtml/presell/index.html', 'title': '', 'addCartTitle': '', 'content': '小贴士：\n1、商品开始抢购前，您将收到消息提醒。\n2、有预约专享价的商品，需加入购物车才能看到专享价哦～', 'showButton': True, 'appSuccess': False, 'time': '', 'followShopContent': None, 'appFailToast': '预约失败，请稍后重试', 'isSuccess': False}
2023-12-07 18:55:24,106 - INFO: 获取抢购链接:https://marathon.jd.com/mobile/koFail.html
2023-12-07 18:55:24,569 - INFO: 获取抢购链接:https://marathon.jd.com/mobile/koFail.html
2023-12-07 18:55:25,042 - INFO: 获取抢购链接:https://marathon.jd.com/mobile/koFail.html
2023-12-07 18:55:25,482 - INFO: 获取抢购链接:https://marathon.jd.com/mobile/koFail.html
2023-12-07 18:55:25,903 - INFO: 获取抢购链接:https://marathon.jd.com/mobile/koFail.html
2023-12-07 18:55:26,344 - INFO: 获取抢购链接:https://marathon.jd.com/mobile/koFail.html
2023-12-07 18:55:26,789 - INFO: 获取抢购链接:https://marathon.jd.com/mobile/koFail.html
2023-12-07 18:55:27,263 - INFO: 获取抢购链接:https://marathon.jd.com/mobile/koFail.html
2023-12-07 18:55:27,703 - INFO: 获取抢购链接:https://marathon.jd.com/mobile/koFail.html
2023-12-07 18:55:28,155 - INFO: 获取抢购链接:https://marathon.jd.com/mobile/koFail.html
2023-12-07 18:55:28,620 - INFO: 获取抢购链接:https://marathon.jd.com/mobile/koFail.html
2023-12-07 18:55:29,083 - INFO: 获取抢购链接:https://marathon.jd.com/mobile/koFail.html
2023-12-07 18:59:30,483 - INFO: 预约结果:{'msg': '', 'officeAccount': {'color': '#4D88FF', 'text': '京东JD.COM'}, 'flag': True, 'code': '0', 'addCartContent': '', 'couponContent': None, 'link': 'https://v.m.jd.com/webhtml/presell/index.html', 'title': '', 'addCartTitle': '', 'content': '小贴士：\n1、商品开始抢购前，您将收到消息提醒。\n2、有预约专享价的商品，需加入购物车才能看到专享价哦～', 'showButton': True, 'appSuccess': False, 'time': '', 'followShopContent': None, 'appFailToast': '预约失败，请稍后重试', 'isSuccess': False}
2023-12-07 18:59:31,019 - INFO: 获取抢购链接:https://marathon.jd.com/mobile/koFail.html
2023-12-07 18:59:31,296 - INFO: 正在初始化:{'address': {'addressDetail': 'xxx', 'areaCode': '86', 'cityId': 904, 'cityName': '南京市', 'countyId': 3373, 'countyName': '玄武区', 'defaultAddress': False, 'email': '', 'id': 8319007212, 'mobile': '188****7110', 'mobileKey': '086ebe707b9903763d48f21e3fcb5ce2', 'name': '陈1', 'overseas': 0, 'phone': '', 'postCode': '', 'provinceId': 12, 'provinceName': '江苏', 'selected': True, 'townId': 62096, 'townName': '梅园新村街道', 'yuyueAddress': False}, 'buyNum': 2, 'code': '200', 'configInfo': {'sameCitySwitch': 1}, 'invoiceInfo': {'invoiceContentType': 1, 'invoicePhone': '188****7110', 'invoicePhoneKey': '086ebe707b9903763d48f21e3fcb5ce2', 'invoiceTitle': 4, 'invoiceType': 3}, 'jingdouBO': {'canUseCount': 0, 'forbidUseJingdou': False, 'jingdouDiscount': 0, 'jingdouSteps': [], 'pointsDeductionRate': 50, 'rate': 100, 'totalCount': 206, 'usedCount': 0}, 'orderPriceBO': {'couponAbleNum': 0, 'couponDiscount': 0.0, 'couponDiscountTotal': 0.0, 'couponSelectNum': 0, 'couponTypeList': [], 'freight': 0.0, 'giftCardAbleNum': 0, 'giftCardDiscount': 0.0, 'giftCardSelectNum': 0, 'jingdouDiscount': 0, 'manjianDiscount': 100.0, 'orderTax': 0.0, 'productTotalPrice': 1399.0, 'redPacketDeductionAmount': 0, 'redPacketIsSelected': False, 'redPacketTotalAmount': 0, 'showXuZhongInfo': False, 'totalPrice': 1299.0, 'weight': '0.44', 'yunfeiDiscount': 0.0}, 'payment': {'paymentId': 4, 'paymentName': '在线支付'}, 'preSaleBO': {'hidePrice': False, 'refundDeposit': False}, 'seckillOrderExt': {}, 'seckillSkuVO': {'color': '雨后初晴', 'extMap': {'is7ToReturn': '1', 'new7ToReturn': '101', 'thwa': '1', 'SoldOversea': '7'}, 'height': 0.0, 'jdPrice': 1299.0, 'length': 0.0, 'num': 1, 'rePrice': 100.0, 'size': '8GB+128GB', 'skuId': 100057334060, 'skuImgUrl': 'jfs/t1/234248/16/5432/64755/656ec63eF2e9ab3e9/780764de97d4c7be.jpg', 'skuName': '荣耀X50 第一代骁龙6芯片 1.5K超清护眼硬核曲屏 5800mAh超耐久大电池 5G手机 8GB+128GB 雨后初晴', 'skuPrice': 1399.0, 'thirdCategoryId': 0.0, 'venderName': '京东自营', 'venderType': 0, 'weight': 0.44, 'width': 0.0}, 'shipment': {'bundleUuid': '', 'obtainAllCombinationBundle': 'CombinationBundleRelation_1289662794613231616', 'obtainOrder': '-889520172', 'shipmentTimeType': 4, 'shipmentTimeTypeName': '标准达', 'shipmentType': 65, 'shipmentTypeName': '京东配送', 'uuid': '101612_1289662794785198080'}, 'token': 'deacd8b386fa2deca0cf7d1b6be48723', 'userInfoBO': {'userScore': 1177}}
2023-12-07 18:59:31,299 - INFO: 结束
2023-12-07 19:02:27,274 - INFO: 预约结果:{'msg': '', 'officeAccount': {'color': '#4D88FF', 'text': '京东JD.COM'}, 'flag': True, 'code': '0', 'addCartContent': '', 'couponContent': None, 'link': 'https://v.m.jd.com/webhtml/presell/index.html', 'title': '预约成功！', 'addCartTitle': '', 'content': '1.2023-12-08 10:08:00开抢，开抢前会以APP消息和公众号消息（微信搜索关注京东JD.COM）的方式通知您，请及时关注哦~\n2.查看预约商品请至：京东APP-我的-我的预约', 'showButton': True, 'appSuccess': True, 'time': '2023-12-08 10:08:00', 'followShopContent': None, 'isSuccess': True}
2023-12-07 19:02:27,831 - INFO: 获取抢购链接:https://marathon.jd.com/seckillM/seckill.action?skuId=100066167064&num=1&rid=1701946947&deliveryMode=
2023-12-07 19:02:28,421 - INFO: 获取抢购链接:https://marathon.jd.com/seckillM/seckill.action?skuId=100066167064&num=1&rid=1701946948&deliveryMode=
2023-12-07 19:02:29,007 - INFO: 获取抢购链接:https://marathon.jd.com/seckillM/seckill.action?skuId=100066167064&num=1&rid=1701946948&deliveryMode=
2023-12-07 19:02:29,632 - INFO: 获取抢购链接:https://marathon.jd.com/seckillM/seckill.action?skuId=100066167064&num=1&rid=1701946949&deliveryMode=
2023-12-07 19:02:30,243 - INFO: 获取抢购链接:https://marathon.jd.com/seckillM/seckill.action?skuId=100066167064&num=1&rid=1701946950&deliveryMode=
2023-12-07 19:02:30,879 - INFO: 获取抢购链接:https://marathon.jd.com/seckillM/seckill.action?skuId=100066167064&num=1&rid=1701946950&deliveryMode=
2023-12-07 19:02:31,495 - INFO: 获取抢购链接:https://marathon.jd.com/seckillM/seckill.action?skuId=100066167064&num=1&rid=1701946951&deliveryMode=
2023-12-07 19:02:32,106 - INFO: 获取抢购链接:https://marathon.jd.com/seckillM/seckill.action?skuId=100066167064&num=1&rid=1701946951&deliveryMode=
2023-12-07 19:02:32,704 - INFO: 获取抢购链接:https://marathon.jd.com/seckillM/seckill.action?skuId=100066167064&num=1&rid=1701946952&deliveryMode=
2023-12-07 19:02:33,322 - INFO: 获取抢购链接:https://marathon.jd.com/seckillM/seckill.action?skuId=100066167064&num=1&rid=1701946953&deliveryMode=
2023-12-07 19:02:33,949 - INFO: 获取抢购链接:https://marathon.jd.com/seckillM/seckill.action?skuId=100066167064&num=1&rid=1701946953&deliveryMode=
2023-12-07 19:02:34,553 - INFO: 获取抢购链接:https://marathon.jd.com/seckillM/seckill.action?skuId=100066167064&num=1&rid=1701946954&deliveryMode=
2023-12-07 19:10:48,141 - INFO: 预约结果:{'msg': '', 'officeAccount': {'color': '#4D88FF', 'text': '京东JD.COM'}, 'flag': True, 'code': '0', 'addCartContent': '', 'couponContent': None, 'link': 'https://v.m.jd.com/webhtml/presell/index.html', 'title': '', 'addCartTitle': '', 'content': '小贴士：\n1、商品开始抢购前，您将收到消息提醒。\n2、有预约专享价的商品，需加入购物车才能看到专享价哦～', 'showButton': True, 'appSuccess': False, 'time': '', 'followShopContent': None, 'appFailToast': '预约失败，请稍后重试', 'isSuccess': False}
2023-12-07 19:10:48,675 - INFO: 获取抢购链接:https://marathon.jd.com/mobile/koFail.html
2023-12-07 19:10:49,292 - INFO: 获取抢购链接:https://marathon.jd.com/mobile/koFail.html
2023-12-07 19:10:49,912 - INFO: 获取抢购链接:https://marathon.jd.com/mobile/koFail.html
2023-12-07 19:10:50,508 - INFO: 获取抢购链接:https://marathon.jd.com/mobile/koFail.html
2023-12-07 19:10:51,105 - INFO: 获取抢购链接:https://marathon.jd.com/mobile/koFail.html
2023-12-07 19:10:51,699 - INFO: 获取抢购链接:https://marathon.jd.com/mobile/koFail.html
2023-12-07 19:10:52,293 - INFO: 获取抢购链接:https://marathon.jd.com/mobile/koFail.html
2023-12-07 19:10:52,862 - INFO: 获取抢购链接:https://marathon.jd.com/mobile/koFail.html
2023-12-07 19:10:53,406 - INFO: 获取抢购链接:https://marathon.jd.com/mobile/koFail.html
2023-12-07 19:10:54,001 - INFO: 获取抢购链接:https://marathon.jd.com/mobile/koFail.html
2023-12-07 21:17:57,158 - INFO: 预约结果:{'code': '1'}
2023-12-08 10:05:59,203 - INFO: 预约结果:{'code': '1'}
2023-12-08 10:14:36,774 - INFO: 预约结果:{'code': '1'}
2023-12-08 10:15:24,343 - INFO: 预约结果:{'code': '1'}
2023-12-08 10:32:37,375 - INFO: 预约结果:{'code': '1'}
2023-12-08 10:34:34,290 - INFO: 预约结果:{'msg': '', 'officeAccount': {'color': '#4D88FF', 'text': '京东JD.COM'}, 'flag': True, 'code': '0', 'addCartContent': '', 'couponContent': None, 'link': 'https://v.m.jd.com/webhtml/presell/index.html', 'title': '预约成功！', 'addCartTitle': '', 'content': '1.2023-12-08 12:00:00开抢，开抢前会以APP消息和公众号消息（微信搜索关注京东JD.COM）的方式通知您，请及时关注哦~\n2.查看预约商品请至：京东APP-我的-我的预约', 'showButton': True, 'appSuccess': True, 'time': '2023-12-08 12:00:00', 'followShopContent': None, 'isSuccess': True}
2023-12-08 10:34:34,868 - INFO: 获取抢购链接:https://marathon.jd.com/mobile/koFail.html
2023-12-08 10:34:35,465 - INFO: 获取抢购链接:https://marathon.jd.com/mobile/koFail.html
2023-12-08 10:34:36,059 - INFO: 获取抢购链接:https://marathon.jd.com/mobile/koFail.html
2023-12-08 10:34:36,676 - INFO: 获取抢购链接:https://marathon.jd.com/mobile/koFail.html
2023-12-08 10:34:37,287 - INFO: 获取抢购链接:https://marathon.jd.com/mobile/koFail.html
2023-12-08 10:34:37,873 - INFO: 获取抢购链接:https://marathon.jd.com/mobile/koFail.html
2023-12-08 10:34:38,459 - INFO: 获取抢购链接:https://marathon.jd.com/mobile/koFail.html
2023-12-08 10:34:39,042 - INFO: 获取抢购链接:https://marathon.jd.com/mobile/koFail.html
2023-12-08 10:34:39,658 - INFO: 获取抢购链接:https://marathon.jd.com/mobile/koFail.html
2023-12-08 10:34:40,270 - INFO: 获取抢购链接:https://marathon.jd.com/mobile/koFail.html
2023-12-08 10:34:40,849 - INFO: 获取抢购链接:https://marathon.jd.com/mobile/koFail.html
2023-12-08 10:34:41,452 - INFO: 获取抢购链接:https://marathon.jd.com/mobile/koFail.html
2023-12-08 10:34:42,025 - INFO: 获取抢购链接:https://marathon.jd.com/mobile/koFail.html
2023-12-08 10:34:42,614 - INFO: 获取抢购链接:https://marathon.jd.com/mobile/koFail.html
2023-12-08 10:34:43,232 - INFO: 获取抢购链接:https://marathon.jd.com/mobile/koFail.html
2023-12-08 10:45:03,689 - INFO: 预约结果:{'msg': '', 'officeAccount': {'color': '#4D88FF', 'text': '京东JD.COM'}, 'flag': True, 'code': '0', 'addCartContent': '', 'couponContent': None, 'link': 'https://v.m.jd.com/webhtml/presell/index.html', 'title': '预约成功！', 'addCartTitle': '', 'content': '1.2023-12-08 12:00:00开抢，开抢前会以APP消息和公众号消息（微信搜索关注京东JD.COM）的方式通知您，请及时关注哦~\n2.查看预约商品请至：京东APP-我的-我的预约', 'showButton': True, 'appSuccess': True, 'time': '2023-12-08 12:00:00', 'followShopContent': None, 'isSuccess': True}
2023-12-08 10:45:04,240 - INFO: 获取抢购链接:https://marathon.jd.com/mobile/koFail.html
2023-12-08 10:45:04,672 - INFO: 获取抢购链接:https://marathon.jd.com/mobile/koFail.html
2023-12-08 10:45:05,114 - INFO: 获取抢购链接:https://marathon.jd.com/mobile/koFail.html
2023-12-08 10:45:05,570 - INFO: 获取抢购链接:https://marathon.jd.com/mobile/koFail.html
2023-12-08 10:45:05,982 - INFO: 获取抢购链接:https://marathon.jd.com/mobile/koFail.html
2023-12-08 10:45:06,396 - INFO: 获取抢购链接:https://marathon.jd.com/mobile/koFail.html
2023-12-08 10:45:06,853 - INFO: 获取抢购链接:https://marathon.jd.com/mobile/koFail.html
2023-12-08 10:45:07,293 - INFO: 获取抢购链接:https://marathon.jd.com/mobile/koFail.html
2023-12-08 10:45:07,742 - INFO: 获取抢购链接:https://marathon.jd.com/mobile/koFail.html
2023-12-08 10:45:08,189 - INFO: 获取抢购链接:https://marathon.jd.com/mobile/koFail.html
2023-12-08 10:45:08,630 - INFO: 获取抢购链接:https://marathon.jd.com/mobile/koFail.html
2023-12-08 10:45:09,060 - INFO: 获取抢购链接:https://marathon.jd.com/mobile/koFail.html
2023-12-08 10:45:09,474 - INFO: 获取抢购链接:https://marathon.jd.com/mobile/koFail.html
2023-12-08 10:45:09,899 - INFO: 获取抢购链接:https://marathon.jd.com/mobile/koFail.html
2023-12-08 10:45:10,332 - INFO: 获取抢购链接:https://marathon.jd.com/mobile/koFail.html
2023-12-08 10:45:13,757 - INFO: 预约结果:{'msg': '', 'officeAccount': {'color': '#4D88FF', 'text': '京东JD.COM'}, 'flag': True, 'code': '0', 'addCartContent': '', 'couponContent': None, 'link': 'https://v.m.jd.com/webhtml/presell/index.html', 'title': '您已成功预约，无需重复预约', 'addCartTitle': '', 'content': '查看预约商品请至：京东APP-我的-我的预约', 'showButton': True, 'appSuccess': True, 'time': '', 'followShopContent': None, 'isSuccess': False}
2023-12-08 10:45:14,256 - INFO: 获取抢购链接:https://marathon.jd.com/mobile/koFail.html
2023-12-08 10:45:14,680 - INFO: 获取抢购链接:https://marathon.jd.com/mobile/koFail.html
2023-12-08 10:45:15,100 - INFO: 获取抢购链接:https://marathon.jd.com/mobile/koFail.html
2023-12-08 10:45:15,527 - INFO: 获取抢购链接:https://marathon.jd.com/mobile/koFail.html
2023-12-08 10:45:15,953 - INFO: 获取抢购链接:https://marathon.jd.com/mobile/koFail.html
2023-12-08 10:45:16,453 - INFO: 获取抢购链接:https://marathon.jd.com/mobile/koFail.html
2023-12-08 10:45:16,887 - INFO: 获取抢购链接:https://marathon.jd.com/mobile/koFail.html
2023-12-08 10:45:17,296 - INFO: 获取抢购链接:https://marathon.jd.com/mobile/koFail.html
2023-12-08 10:45:17,738 - INFO: 获取抢购链接:https://marathon.jd.com/mobile/koFail.html
2023-12-08 10:45:18,165 - INFO: 获取抢购链接:https://marathon.jd.com/mobile/koFail.html
2023-12-08 10:45:18,562 - INFO: 获取抢购链接:https://marathon.jd.com/mobile/koFail.html
2023-12-08 10:45:18,970 - INFO: 获取抢购链接:https://marathon.jd.com/mobile/koFail.html
2023-12-08 10:45:19,395 - INFO: 获取抢购链接:https://marathon.jd.com/mobile/koFail.html
2023-12-08 10:45:19,818 - INFO: 获取抢购链接:https://marathon.jd.com/mobile/koFail.html
2023-12-08 10:45:20,249 - INFO: 获取抢购链接:https://marathon.jd.com/mobile/koFail.html
2023-12-08 11:02:18,085 - INFO: 预约结果:{'code': '1'}
2023-12-08 11:02:28,661 - INFO: 预约结果:{'code': '1'}
2023-12-08 11:02:48,079 - INFO: 预约结果:{'msg': '', 'officeAccount': {'color': '#4D88FF', 'text': '京东JD.COM'}, 'flag': True, 'code': '0', 'addCartContent': '', 'couponContent': None, 'link': 'https://v.m.jd.com/webhtml/presell/index.html', 'title': '您已成功预约，无需重复预约', 'addCartTitle': '', 'content': '查看预约商品请至：京东APP-我的-我的预约', 'showButton': True, 'appSuccess': True, 'time': '', 'followShopContent': None, 'isSuccess': False}
2023-12-08 11:02:48,626 - INFO: 获取抢购链接:https://marathon.jd.com/mobile/koFail.html
2023-12-08 11:02:49,227 - INFO: 获取抢购链接:https://marathon.jd.com/mobile/koFail.html
2023-12-08 11:02:49,850 - INFO: 获取抢购链接:https://marathon.jd.com/mobile/koFail.html
2023-12-08 11:02:50,444 - INFO: 获取抢购链接:https://marathon.jd.com/mobile/koFail.html
2023-12-08 11:02:51,042 - INFO: 获取抢购链接:https://marathon.jd.com/mobile/koFail.html
2023-12-08 11:02:51,619 - INFO: 获取抢购链接:https://marathon.jd.com/mobile/koFail.html
2023-12-08 11:02:52,204 - INFO: 获取抢购链接:https://marathon.jd.com/mobile/koFail.html
2023-12-08 11:02:52,794 - INFO: 获取抢购链接:https://marathon.jd.com/mobile/koFail.html
2023-12-08 11:02:53,510 - INFO: 获取抢购链接:https://marathon.jd.com/mobile/koFail.html
2023-12-08 11:02:54,095 - INFO: 获取抢购链接:https://marathon.jd.com/mobile/koFail.html
2023-12-08 11:02:54,691 - INFO: 获取抢购链接:https://marathon.jd.com/mobile/koFail.html
2023-12-08 11:02:55,264 - INFO: 获取抢购链接:https://marathon.jd.com/mobile/koFail.html
2023-12-08 11:02:55,863 - INFO: 获取抢购链接:https://marathon.jd.com/mobile/koFail.html
2023-12-08 11:02:56,442 - INFO: 获取抢购链接:https://marathon.jd.com/mobile/koFail.html
2023-12-08 11:02:57,022 - INFO: 获取抢购链接:https://marathon.jd.com/mobile/koFail.html
2023-12-08 11:03:22,420 - INFO: 预约结果:{'code': '1'}
2023-12-08 11:03:59,627 - INFO: 预约结果:{'code': '1'}
2023-12-08 11:04:00,340 - INFO: 获取抢购链接:https://plogin.m.jd.com/user/login.action?appid=300&returnurl=https%3A%2F%2Fwq.jd.com%2Fpassport%2FLoginRedirect%3Fstate%3D3424011192%26returnurl%3Dhttps%253A%252F%252Fm.jd.com%252Fproduct%252F100012043978.html&source=wq_passport
2023-12-08 11:04:00,457 - INFO: 正在初始化:{'islogin': '-1'}
2023-12-08 11:04:00,458 - INFO: 结束
2023-12-08 11:05:47,902 - INFO: 预约结果:{'code': '1'}
2023-12-08 11:05:48,535 - INFO: 获取抢购链接:https://plogin.m.jd.com/user/login.action?appid=300&returnurl=https%3A%2F%2Fwq.jd.com%2Fpassport%2FLoginRedirect%3Fstate%3D3424135251%26returnurl%3Dhttps%253A%252F%252Fm.jd.com%252Fproduct%252F100012043978.html&source=wq_passport
2023-12-08 11:05:48,660 - INFO: 正在初始化:{'islogin': '-1'}
2023-12-08 11:05:48,661 - INFO: 结束
2023-12-08 11:06:03,438 - INFO: 预约结果:{'code': '1'}
2023-12-08 11:06:03,971 - INFO: 获取抢购链接:https://plogin.m.jd.com/user/login.action?appid=300&returnurl=https%3A%2F%2Fwq.jd.com%2Fpassport%2FLoginRedirect%3Fstate%3D3424194134%26returnurl%3Dhttps%253A%252F%252Fm.jd.com%252Fproduct%252F100012043978.html&source=wq_passport
2023-12-08 11:06:04,103 - INFO: 正在初始化:{'islogin': '-1'}
2023-12-08 11:06:04,103 - INFO: 结束
2023-12-08 11:06:14,335 - INFO: 预约结果:{'code': '1'}
2023-12-08 11:06:14,887 - INFO: 获取抢购链接:https://plogin.m.jd.com/user/login.action?appid=300&returnurl=https%3A%2F%2Fwq.jd.com%2Fpassport%2FLoginRedirect%3Fstate%3D3424092861%26returnurl%3Dhttps%253A%252F%252Fm.jd.com%252Fproduct%252F100012043978.html&source=wq_passport
2023-12-08 11:06:14,999 - INFO: 正在初始化:{'islogin': '-1'}
2023-12-08 11:06:14,999 - INFO: 结束
2023-12-08 11:06:20,505 - INFO: 预约结果:{'code': '1'}
2023-12-08 11:06:21,030 - INFO: 获取抢购链接:https://plogin.m.jd.com/user/login.action?appid=300&returnurl=https%3A%2F%2Fwq.jd.com%2Fpassport%2FLoginRedirect%3Fstate%3D1103119316364%26returnurl%3Dhttps%253A%252F%252Fm.jd.com%252Fproduct%252F100012043978.html&source=wq_passport
2023-12-08 11:06:21,128 - INFO: 正在初始化:{'islogin': '-1'}
2023-12-08 11:06:21,129 - INFO: 结束
2023-12-08 11:06:40,413 - INFO: 预约结果:{'code': '1'}
2023-12-08 11:06:46,381 - INFO: 预约结果:{'code': '1'}
2023-12-08 11:06:47,583 - INFO: 预约结果:{'code': '1'}
2023-12-08 11:07:00,164 - INFO: 预约结果:{'code': '1'}
2023-12-08 11:07:13,212 - INFO: 预约结果:{'code': '1'}
2023-12-08 11:07:13,736 - INFO: 获取抢购链接:https://plogin.m.jd.com/user/login.action?appid=300&returnurl=https%3A%2F%2Fwq.jd.com%2Fpassport%2FLoginRedirect%3Fstate%3D3424084945%26returnurl%3Dhttps%253A%252F%252Fm.jd.com%252Fproduct%252F100012043978.html&source=wq_passport
2023-12-08 11:07:13,854 - INFO: 正在初始化:{'islogin': '-1'}
2023-12-08 11:07:13,855 - INFO: 结束
2023-12-08 11:09:01,646 - INFO: 预约结果:{'msg': '', 'officeAccount': {'color': '#4D88FF', 'text': '京东JD.COM'}, 'flag': True, 'code': '0', 'addCartContent': '', 'couponContent': None, 'link': 'https://v.m.jd.com/webhtml/presell/index.html', 'title': '您已成功预约，无需重复预约', 'addCartTitle': '', 'content': '查看预约商品请至：京东APP-我的-我的预约', 'showButton': True, 'appSuccess': True, 'time': '', 'followShopContent': None, 'isSuccess': False}
2023-12-08 11:09:02,221 - INFO: 获取抢购链接:https://marathon.jd.com/mobile/koFail.html
2023-12-08 11:09:02,826 - INFO: 获取抢购链接:https://marathon.jd.com/mobile/koFail.html
2023-12-08 11:09:03,422 - INFO: 获取抢购链接:https://marathon.jd.com/mobile/koFail.html
2023-12-08 11:09:04,001 - INFO: 获取抢购链接:https://marathon.jd.com/mobile/koFail.html
2023-12-08 11:09:04,602 - INFO: 获取抢购链接:https://marathon.jd.com/mobile/koFail.html
2023-12-08 11:09:05,181 - INFO: 获取抢购链接:https://marathon.jd.com/mobile/koFail.html
2023-12-08 11:09:05,767 - INFO: 获取抢购链接:https://marathon.jd.com/mobile/koFail.html
2023-12-08 11:09:06,358 - INFO: 获取抢购链接:https://marathon.jd.com/mobile/koFail.html
2023-12-08 11:09:06,943 - INFO: 获取抢购链接:https://marathon.jd.com/mobile/koFail.html
2023-12-08 11:09:07,525 - INFO: 获取抢购链接:https://marathon.jd.com/mobile/koFail.html
2023-12-08 11:09:08,123 - INFO: 获取抢购链接:https://marathon.jd.com/mobile/koFail.html
2023-12-08 11:09:08,693 - INFO: 获取抢购链接:https://marathon.jd.com/mobile/koFail.html
2023-12-08 11:09:09,276 - INFO: 获取抢购链接:https://marathon.jd.com/mobile/koFail.html
2023-12-08 11:09:09,851 - INFO: 获取抢购链接:https://marathon.jd.com/mobile/koFail.html
2023-12-08 11:09:10,459 - INFO: 获取抢购链接:https://marathon.jd.com/mobile/koFail.html
2023-12-08 11:09:41,436 - INFO: 预约结果:{'code': '1'}
2023-12-08 11:09:41,970 - INFO: 获取抢购链接:https://plogin.m.jd.com/user/login.action?appid=300&returnurl=https%3A%2F%2Fwq.jd.com%2Fpassport%2FLoginRedirect%3Fstate%3D1103119222154%26returnurl%3Dhttps%253A%252F%252Fm.jd.com%252Fproduct%252F100012043978.html&source=wq_passport
2023-12-08 11:09:42,086 - INFO: 正在初始化:{'islogin': '-1'}
2023-12-08 11:09:42,087 - INFO: 结束
2023-12-08 11:12:39,493 - INFO: 预约结果:{'msg': '', 'officeAccount': {'color': '#4D88FF', 'text': '京东JD.COM'}, 'flag': True, 'code': '0', 'addCartContent': '', 'couponContent': None, 'link': 'https://v.m.jd.com/webhtml/presell/index.html', 'title': '您已成功预约，无需重复预约', 'addCartTitle': '', 'content': '查看预约商品请至：京东APP-我的-我的预约', 'showButton': True, 'appSuccess': True, 'time': '', 'followShopContent': None, 'isSuccess': False}
2023-12-08 11:12:40,006 - INFO: 获取抢购链接:https://marathon.jd.com/mobile/koFail.html
2023-12-08 11:12:40,592 - INFO: 获取抢购链接:https://marathon.jd.com/mobile/koFail.html
2023-12-08 11:12:41,147 - INFO: 获取抢购链接:https://marathon.jd.com/mobile/koFail.html
2023-12-08 11:12:41,717 - INFO: 获取抢购链接:https://marathon.jd.com/mobile/koFail.html
2023-12-08 11:12:42,265 - INFO: 获取抢购链接:https://marathon.jd.com/mobile/koFail.html
2023-12-08 11:12:42,841 - INFO: 获取抢购链接:https://marathon.jd.com/mobile/koFail.html
2023-12-08 11:12:43,456 - INFO: 获取抢购链接:https://marathon.jd.com/mobile/koFail.html
2023-12-08 11:12:44,001 - INFO: 获取抢购链接:https://marathon.jd.com/mobile/koFail.html
2023-12-08 11:12:44,573 - INFO: 获取抢购链接:https://marathon.jd.com/mobile/koFail.html
2023-12-08 11:12:44,986 - INFO: 预约结果:{'code': '1'}
2023-12-08 11:12:45,125 - INFO: 获取抢购链接:https://marathon.jd.com/mobile/koFail.html
2023-12-08 11:12:45,676 - INFO: 获取抢购链接:https://marathon.jd.com/mobile/koFail.html
2023-12-08 11:12:46,252 - INFO: 获取抢购链接:https://marathon.jd.com/mobile/koFail.html
2023-12-08 11:12:46,823 - INFO: 获取抢购链接:https://marathon.jd.com/mobile/koFail.html
2023-12-08 11:12:47,373 - INFO: 获取抢购链接:https://marathon.jd.com/mobile/koFail.html
2023-12-08 11:12:47,919 - INFO: 获取抢购链接:https://marathon.jd.com/mobile/koFail.html
2023-12-08 11:12:49,820 - INFO: 预约结果:{'code': '1'}
2023-12-08 11:13:54,705 - INFO: 预约结果:{'msg': '', 'officeAccount': {'color': '#4D88FF', 'text': '京东JD.COM'}, 'flag': True, 'code': '0', 'addCartContent': '', 'couponContent': None, 'link': 'https://v.m.jd.com/webhtml/presell/index.html', 'title': '预约成功！', 'addCartTitle': '', 'content': '1.2023-12-08 12:00:00开抢，开抢前会以APP消息和公众号消息（微信搜索关注京东JD.COM）的方式通知您，请及时关注哦~\n2.查看预约商品请至：京东APP-我的-我的预约', 'showButton': True, 'appSuccess': True, 'time': '2023-12-08 12:00:00', 'followShopContent': None, 'isSuccess': True}
2023-12-08 11:13:55,263 - INFO: 获取抢购链接:https://marathon.jd.com/mobile/koFail.html
2023-12-08 11:13:55,730 - INFO: 获取抢购链接:https://marathon.jd.com/mobile/koFail.html
2023-12-08 11:13:56,169 - INFO: 获取抢购链接:https://marathon.jd.com/mobile/koFail.html
2023-12-08 11:13:56,601 - INFO: 获取抢购链接:https://marathon.jd.com/mobile/koFail.html
2023-12-08 11:13:57,043 - INFO: 获取抢购链接:https://marathon.jd.com/mobile/koFail.html
2023-12-08 11:13:57,492 - INFO: 获取抢购链接:https://marathon.jd.com/mobile/koFail.html
2023-12-08 11:13:57,906 - INFO: 获取抢购链接:https://marathon.jd.com/mobile/koFail.html
2023-12-08 11:13:58,334 - INFO: 获取抢购链接:https://marathon.jd.com/mobile/koFail.html
2023-12-08 11:13:58,764 - INFO: 获取抢购链接:https://marathon.jd.com/mobile/koFail.html
2023-12-08 11:13:59,196 - INFO: 获取抢购链接:https://marathon.jd.com/mobile/koFail.html
2023-12-08 11:13:59,626 - INFO: 获取抢购链接:https://marathon.jd.com/mobile/koFail.html
2023-12-08 11:14:00,074 - INFO: 获取抢购链接:https://marathon.jd.com/mobile/koFail.html
2023-12-08 11:14:00,502 - INFO: 获取抢购链接:https://marathon.jd.com/mobile/koFail.html
2023-12-08 11:14:00,922 - INFO: 获取抢购链接:https://marathon.jd.com/mobile/koFail.html
2023-12-08 11:14:01,375 - INFO: 获取抢购链接:https://marathon.jd.com/mobile/koFail.html
2023-12-08 11:14:57,861 - INFO: 预约结果:{'msg': '', 'officeAccount': {'color': '#4D88FF', 'text': '京东JD.COM'}, 'flag': True, 'code': '0', 'addCartContent': '', 'couponContent': None, 'link': 'https://v.m.jd.com/webhtml/presell/index.html', 'title': '您已成功预约，无需重复预约', 'addCartTitle': '', 'content': '查看预约商品请至：京东APP-我的-我的预约', 'showButton': True, 'appSuccess': True, 'time': '', 'followShopContent': None, 'isSuccess': False}
2023-12-08 11:14:58,429 - INFO: 获取抢购链接:https://marathon.jd.com/mobile/koFail.html
2023-12-08 11:14:58,855 - INFO: 获取抢购链接:https://marathon.jd.com/mobile/koFail.html
2023-12-08 11:14:59,263 - INFO: 获取抢购链接:https://marathon.jd.com/mobile/koFail.html
2023-12-08 11:14:59,693 - INFO: 获取抢购链接:https://marathon.jd.com/mobile/koFail.html
2023-12-08 11:15:00,103 - INFO: 获取抢购链接:https://marathon.jd.com/mobile/koFail.html
2023-12-08 11:15:00,522 - INFO: 获取抢购链接:https://marathon.jd.com/mobile/koFail.html
2023-12-08 11:15:00,952 - INFO: 获取抢购链接:https://marathon.jd.com/mobile/koFail.html
2023-12-08 11:15:01,377 - INFO: 获取抢购链接:https://marathon.jd.com/mobile/koFail.html
2023-12-08 11:15:01,801 - INFO: 获取抢购链接:https://marathon.jd.com/mobile/koFail.html
2023-12-08 11:15:02,228 - INFO: 获取抢购链接:https://marathon.jd.com/mobile/koFail.html
2023-12-08 11:15:02,666 - INFO: 获取抢购链接:https://marathon.jd.com/mobile/koFail.html
2023-12-08 11:15:03,089 - INFO: 获取抢购链接:https://marathon.jd.com/mobile/koFail.html
2023-12-08 11:15:03,533 - INFO: 获取抢购链接:https://marathon.jd.com/mobile/koFail.html
2023-12-08 11:15:03,957 - INFO: 获取抢购链接:https://marathon.jd.com/mobile/koFail.html
2023-12-08 11:15:04,382 - INFO: 获取抢购链接:https://marathon.jd.com/mobile/koFail.html
2023-12-08 11:15:07,906 - INFO: 预约结果:{'msg': '', 'officeAccount': {'color': '#4D88FF', 'text': '京东JD.COM'}, 'flag': True, 'code': '0', 'addCartContent': '', 'couponContent': None, 'link': 'https://v.m.jd.com/webhtml/presell/index.html', 'title': '您已成功预约，无需重复预约', 'addCartTitle': '', 'content': '查看预约商品请至：京东APP-我的-我的预约', 'showButton': True, 'appSuccess': True, 'time': '', 'followShopContent': None, 'isSuccess': False}
2023-12-08 11:15:47,083 - INFO: 获取抢购链接:https://marathon.jd.com/mobile/koFail.html
2023-12-08 11:15:47,517 - INFO: 获取抢购链接:https://marathon.jd.com/mobile/koFail.html
2023-12-08 11:15:47,939 - INFO: 获取抢购链接:https://marathon.jd.com/mobile/koFail.html
2023-12-08 11:15:48,361 - INFO: 获取抢购链接:https://marathon.jd.com/mobile/koFail.html
2023-12-08 11:15:48,772 - INFO: 获取抢购链接:https://marathon.jd.com/mobile/koFail.html
2023-12-08 11:15:49,202 - INFO: 获取抢购链接:https://marathon.jd.com/mobile/koFail.html
2023-12-08 11:15:49,609 - INFO: 获取抢购链接:https://marathon.jd.com/mobile/koFail.html
2023-12-08 11:15:50,039 - INFO: 获取抢购链接:https://marathon.jd.com/mobile/koFail.html
2023-12-08 11:15:50,437 - INFO: 获取抢购链接:https://marathon.jd.com/mobile/koFail.html
2023-12-08 11:15:50,865 - INFO: 获取抢购链接:https://marathon.jd.com/mobile/koFail.html
2023-12-08 11:15:51,275 - INFO: 获取抢购链接:https://marathon.jd.com/mobile/koFail.html
2023-12-08 11:15:51,691 - INFO: 获取抢购链接:https://marathon.jd.com/mobile/koFail.html
2023-12-08 11:15:52,088 - INFO: 获取抢购链接:https://marathon.jd.com/mobile/koFail.html
2023-12-08 11:15:52,498 - INFO: 获取抢购链接:https://marathon.jd.com/mobile/koFail.html
2023-12-08 11:15:52,895 - INFO: 获取抢购链接:https://marathon.jd.com/mobile/koFail.html
2023-12-08 11:19:36,442 - INFO: 预约结果:{'msg': '', 'officeAccount': {'color': '#4D88FF', 'text': '京东JD.COM'}, 'flag': True, 'code': '0', 'addCartContent': '', 'couponContent': None, 'link': 'https://v.m.jd.com/webhtml/presell/index.html', 'title': '您已成功预约，无需重复预约', 'addCartTitle': '', 'content': '查看预约商品请至：京东APP-我的-我的预约', 'showButton': True, 'appSuccess': True, 'time': '', 'followShopContent': None, 'isSuccess': False}
2023-12-08 11:20:22,643 - INFO: 预约结果:{'msg': '', 'officeAccount': {'color': '#4D88FF', 'text': '京东JD.COM'}, 'flag': True, 'code': '0', 'addCartContent': '', 'couponContent': None, 'link': 'https://v.m.jd.com/webhtml/presell/index.html', 'title': '您已成功预约，无需重复预约', 'addCartTitle': '', 'content': '查看预约商品请至：京东APP-我的-我的预约', 'showButton': True, 'appSuccess': True, 'time': '', 'followShopContent': None, 'isSuccess': False}
2023-12-08 11:23:40,517 - INFO: 预约结果:{'msg': '', 'officeAccount': {'color': '#4D88FF', 'text': '京东JD.COM'}, 'flag': True, 'code': '0', 'addCartContent': '', 'couponContent': None, 'link': 'https://v.m.jd.com/webhtml/presell/index.html', 'title': '您已成功预约，无需重复预约', 'addCartTitle': '', 'content': '查看预约商品请至：京东APP-我的-我的预约', 'showButton': True, 'appSuccess': True, 'time': '', 'followShopContent': None, 'isSuccess': False}
2023-12-08 11:27:35,920 - INFO: 预约结果:{'msg': '', 'officeAccount': {'color': '#4D88FF', 'text': '京东JD.COM'}, 'flag': True, 'code': '0', 'addCartContent': '', 'couponContent': None, 'link': 'https://v.m.jd.com/webhtml/presell/index.html', 'title': '您已成功预约，无需重复预约', 'addCartTitle': '', 'content': '查看预约商品请至：京东APP-我的-我的预约', 'showButton': True, 'appSuccess': True, 'time': '', 'followShopContent': None, 'isSuccess': False}
2023-12-08 11:28:48,401 - INFO: 预约结果:{'msg': '', 'officeAccount': {'color': '#4D88FF', 'text': '京东JD.COM'}, 'flag': True, 'code': '0', 'addCartContent': '', 'couponContent': None, 'link': 'https://v.m.jd.com/webhtml/presell/index.html', 'title': '您已成功预约，无需重复预约', 'addCartTitle': '', 'content': '查看预约商品请至：京东APP-我的-我的预约', 'showButton': True, 'appSuccess': True, 'time': '', 'followShopContent': None, 'isSuccess': False}
2023-12-08 11:58:00,022 - INFO: 预约结果:{'msg': '', 'officeAccount': {'color': '#4D88FF', 'text': '京东JD.COM'}, 'flag': True, 'code': '0', 'addCartContent': '', 'couponContent': None, 'link': 'https://v.m.jd.com/webhtml/presell/index.html', 'title': '您已成功预约，无需重复预约', 'addCartTitle': '', 'content': '查看预约商品请至：京东APP-我的-我的预约', 'showButton': True, 'appSuccess': True, 'time': '', 'followShopContent': None, 'isSuccess': False}
2023-12-08 11:58:00,103 - INFO: 预约结果:{'msg': '', 'officeAccount': {'color': '#4D88FF', 'text': '京东JD.COM'}, 'flag': True, 'code': '0', 'addCartContent': '', 'couponContent': None, 'link': 'https://v.m.jd.com/webhtml/presell/index.html', 'title': '您已成功预约，无需重复预约', 'addCartTitle': '', 'content': '查看预约商品请至：京东APP-我的-我的预约', 'showButton': True, 'appSuccess': True, 'time': '', 'followShopContent': None, 'isSuccess': False}
2023-12-08 11:58:00,111 - INFO: 预约结果:{'msg': '', 'officeAccount': {'color': '#4D88FF', 'text': '京东JD.COM'}, 'flag': True, 'code': '0', 'addCartContent': '', 'couponContent': None, 'link': 'https://v.m.jd.com/webhtml/presell/index.html', 'title': '您已成功预约，无需重复预约', 'addCartTitle': '', 'content': '查看预约商品请至：京东APP-我的-我的预约', 'showButton': True, 'appSuccess': True, 'time': '', 'followShopContent': None, 'isSuccess': False}
2023-12-08 11:58:00,185 - INFO: 预约结果:{'msg': '', 'officeAccount': {'color': '#4D88FF', 'text': '京东JD.COM'}, 'flag': True, 'code': '0', 'addCartContent': '', 'couponContent': None, 'link': 'https://v.m.jd.com/webhtml/presell/index.html', 'title': '您已成功预约，无需重复预约', 'addCartTitle': '', 'content': '查看预约商品请至：京东APP-我的-我的预约', 'showButton': True, 'appSuccess': True, 'time': '', 'followShopContent': None, 'isSuccess': False}
2023-12-08 11:58:00,198 - INFO: 预约结果:{'msg': '', 'officeAccount': {'color': '#4D88FF', 'text': '京东JD.COM'}, 'flag': True, 'code': '0', 'addCartContent': '', 'couponContent': None, 'link': 'https://v.m.jd.com/webhtml/presell/index.html', 'title': '您已成功预约，无需重复预约', 'addCartTitle': '', 'content': '查看预约商品请至：京东APP-我的-我的预约', 'showButton': True, 'appSuccess': True, 'time': '', 'followShopContent': None, 'isSuccess': False}
2023-12-08 11:58:00,212 - INFO: 预约结果:{'msg': '', 'officeAccount': {'color': '#4D88FF', 'text': '京东JD.COM'}, 'flag': True, 'code': '0', 'addCartContent': '', 'couponContent': None, 'link': 'https://v.m.jd.com/webhtml/presell/index.html', 'title': '您已成功预约，无需重复预约', 'addCartTitle': '', 'content': '查看预约商品请至：京东APP-我的-我的预约', 'showButton': True, 'appSuccess': True, 'time': '', 'followShopContent': None, 'isSuccess': False}
2023-12-08 11:58:00,213 - INFO: 预约结果:{'msg': '', 'officeAccount': {'color': '#4D88FF', 'text': '京东JD.COM'}, 'flag': True, 'code': '0', 'addCartContent': '', 'couponContent': None, 'link': 'https://v.m.jd.com/webhtml/presell/index.html', 'title': '您已成功预约，无需重复预约', 'addCartTitle': '', 'content': '查看预约商品请至：京东APP-我的-我的预约', 'showButton': True, 'appSuccess': True, 'time': '', 'followShopContent': None, 'isSuccess': False}
2023-12-08 11:58:00,314 - INFO: 预约结果:{'msg': '', 'officeAccount': {'color': '#4D88FF', 'text': '京东JD.COM'}, 'flag': True, 'code': '0', 'addCartContent': '', 'couponContent': None, 'link': 'https://v.m.jd.com/webhtml/presell/index.html', 'title': '您已成功预约，无需重复预约', 'addCartTitle': '', 'content': '查看预约商品请至：京东APP-我的-我的预约', 'showButton': True, 'appSuccess': True, 'time': '', 'followShopContent': None, 'isSuccess': False}
2023-12-08 12:00:00,384 - INFO: 获取抢购链接:https://marathon.jd.com/mobile/koFail.html
2023-12-08 12:00:00,422 - INFO: 获取抢购链接:https://marathon.jd.com/mobile/koFail.html
2023-12-08 12:00:00,480 - INFO: 获取抢购链接:https://marathon.jd.com/mobile/koFail.html
2023-12-08 12:00:00,484 - INFO: 获取抢购链接:https://marathon.jd.com/mobile/koFail.html
2023-12-08 12:00:00,497 - INFO: 获取抢购链接:https://marathon.jd.com/mobile/koFail.html
2023-12-08 12:00:00,545 - INFO: 获取抢购链接:https://marathon.jd.com/mobile/koFail.html
2023-12-08 12:00:00,683 - INFO: 正在初始化:{'address': {'addressDetail': 'xxx', 'areaCode': '', 'cityId': 904, 'cityName': '南京市', 'countyId': 3373, 'countyName': '玄武区', 'defaultAddress': False, 'email': '', 'id': 8295054458, 'mobile': '188****7110', 'mobileKey': '086ebe707b9903763d48f21e3fcb5ce2', 'name': '峰', 'overseas': 0, 'phone': '', 'postCode': '', 'provinceId': 12, 'provinceName': '江苏', 'selected': True, 'townId': 62096, 'townName': '梅园新村街道', 'yuyueAddress': False}, 'buyNum': 2, 'code': '200', 'configInfo': {'sameCitySwitch': 1}, 'invoiceInfo': {'invoiceContentType': 1, 'invoicePhone': '188****7110', 'invoicePhoneKey': '086ebe707b9903763d48f21e3fcb5ce2', 'invoiceTitle': 4, 'invoiceType': 3}, 'jingdouBO': {'canUseCount': 0, 'forbidUseJingdou': True, 'jingdouDiscount': 0, 'jingdouSteps': [], 'pointsDeductionRate': 0, 'rate': 100, 'totalCount': 0, 'usedCount': 0}, 'orderPriceBO': {'couponAbleNum': 0, 'couponDiscount': 0.0, 'couponDiscountTotal': 0.0, 'couponSelectNum': 0, 'couponTypeList': [], 'freight': 0.0, 'giftCardAbleNum': 0, 'giftCardDiscount': 0.0, 'giftCardSelectNum': 0, 'jingdouDiscount': 0, 'manjianDiscount': 0.0, 'orderTax': 0.0, 'productTotalPrice': 1499.0, 'redPacketDeductionAmount': 0, 'redPacketIsSelected': False, 'redPacketTotalAmount': 0, 'showXuZhongInfo': False, 'totalPrice': 1499.0, 'weight': '1.11', 'yunfeiDiscount': 0.0}, 'payment': {'paymentId': 4, 'paymentName': '在线支付'}, 'preSaleBO': {'hidePrice': False, 'refundDeposit': False}, 'seckillOrderExt': {}, 'seckillSkuVO': {'color': '茅台酒 单瓶装', 'extMap': {'YuShou': '1', 'is7ToReturn': '0', 'new7ToReturn': '8', 'thwa': '0', 'SoldOversea': '0'}, 'height': 0.0, 'jdPrice': 1499.0, 'length': 0.0, 'num': 1, 'rePrice': 0.0, 'size': '', 'skuId': 100012043978, 'skuImgUrl': 'jfs/t1/204850/31/20522/123067/61af3d74E747493f0/385d705a66b5263b.jpg', 'skuName': '茅台（MOUTAI）飞天 53%vol  500ml 贵州茅台酒（带杯）', 'skuPrice': 1499.0, 'thirdCategoryId': 0.0, 'venderName': '京东自营', 'venderType': 0, 'weight': 1.11, 'width': 0.0}, 'shipment': {'bundleUuid': '', 'obtainAllCombinationBundle': 'CombinationBundleRelation_1289919609379872774', 'obtainOrder': '1871283238', 'shipmentTimeType': 4, 'shipmentTimeTypeName': '标准达', 'shipmentType': 65, 'shipmentTypeName': '京东配送', 'uuid': '101612_1289919609585393666'}, 'token': '96022d62983c366b0d0bc1f46c58f5c0', 'userInfoBO': {'userScore': 1426}}
2023-12-08 12:00:00,692 - INFO: 获取抢购链接:https://marathon.jd.com/mobile/koFail.html
2023-12-08 12:00:00,761 - INFO: 获取抢购链接:https://marathon.jd.com/mobile/koFail.html
2023-12-08 12:00:00,778 - INFO: 获取抢购链接:https://marathon.jd.com/mobile/koFail.html
2023-12-08 12:00:00,879 - INFO: 获取抢购链接:https://marathon.jd.com/mobile/koFail.html
2023-12-08 12:00:00,922 - INFO: 获取抢购链接:https://marathon.jd.com/mobile/koFail.html
2023-12-08 12:00:00,992 - INFO: 获取抢购链接:https://marathon.jd.com/mobile/koFail.html
2023-12-08 12:00:01,049 - INFO: 获取抢购链接:https://marathon.jd.com/mobile/koFail.html
2023-12-08 12:00:01,072 - INFO: 获取抢购链接:https://marathon.jd.com/mobile/koFail.html
2023-12-08 12:00:01,099 - INFO: 获取抢购链接:https://marathon.jd.com/mobile/koFail.html
2023-12-08 12:00:01,186 - INFO: 峰抢购结果:{'errorMessage': '很遗憾没有抢到，再接再厉哦。', 'orderId': 0, 'resultCode': 90016, 'skuId': 0, 'success': False}
2023-12-08 12:00:01,193 - INFO: 获取抢购链接:https://marathon.jd.com/seckillM/seckill.action?skuId=100012043978&num=1&rid=1702008001&deliveryMode=
2023-12-08 12:00:01,384 - INFO: 获取抢购链接:https://marathon.jd.com/seckillM/seckill.action?skuId=100012043978&num=1&rid=1702008001&deliveryMode=
2023-12-08 12:00:01,426 - INFO: 获取抢购链接:https://marathon.jd.com/seckillM/seckill.action?skuId=100012043978&num=1&rid=1702008001&deliveryMode=
2023-12-08 12:00:01,498 - INFO: 获取抢购链接:https://marathon.jd.com/seckillM/seckill.action?skuId=100012043978&num=1&rid=1702008001&deliveryMode=
2023-12-08 12:00:01,551 - INFO: 获取抢购链接:https://marathon.jd.com/seckillM/seckill.action?skuId=100012043978&num=1&rid=1702008001&deliveryMode=
2023-12-08 12:00:01,697 - INFO: 获取抢购链接:https://marathon.jd.com/seckillM/seckill.action?skuId=100012043978&num=1&rid=1702008001&deliveryMode=
2023-12-08 12:00:01,811 - INFO: 峰抢购结果:{'errorMessage': '很遗憾没有抢到，再接再厉哦。', 'orderId': 0, 'resultCode': 90016, 'skuId': 0, 'success': False}
2023-12-08 12:00:01,813 - INFO: 获取抢购链接:https://marathon.jd.com/seckillM/seckill.action?skuId=100012043978&num=1&rid=1702008001&deliveryMode=
2023-12-08 12:00:01,821 - INFO: 获取抢购链接:https://marathon.jd.com/seckillM/seckill.action?skuId=100012043978&num=1&rid=1702008001&deliveryMode=
2023-12-08 12:00:01,901 - INFO: 获取抢购链接:https://marathon.jd.com/seckillM/seckill.action?skuId=100012043978&num=1&rid=1702008001&deliveryMode=
2023-12-08 12:00:02,002 - INFO: 获取抢购链接:https://marathon.jd.com/seckillM/seckill.action?skuId=100012043978&num=1&rid=1702008001&deliveryMode=
2023-12-08 12:00:02,019 - INFO: 获取抢购链接:https://marathon.jd.com/seckillM/seckill.action?skuId=100012043978&num=1&rid=1702008001&deliveryMode=
2023-12-08 12:00:02,088 - INFO: 正在初始化:{'address': {'addressDetail': 'xxx', 'addressName': '家', 'areaCode': '86', 'cityId': 904, 'cityName': '南京市', 'countyId': 3373, 'countyName': '玄武区', 'defaultAddress': True, 'email': '', 'id': 6579269956, 'mobile': '159****1151', 'mobileKey': 'bafeefb992c99abaf3ba1d88b894a0ff', 'name': '惠新', 'overseas': 0, 'phone': '', 'postCode': '', 'provinceId': 12, 'provinceName': '江苏', 'selected': True, 'townId': 62102, 'townName': '玄武湖街道', 'yuyueAddress': False}, 'buyNum': 2, 'code': '200', 'configInfo': {'sameCitySwitch': 1}, 'invoiceInfo': {'invoiceCode': '', 'invoiceContentType': 1, 'invoicePhone': '159****1151', 'invoicePhoneKey': 'bafeefb992c99abaf3ba1d88b894a0ff', 'invoiceTitle': 4, 'invoiceType': 3}, 'jingdouBO': {'canUseCount': 0, 'forbidUseJingdou': True, 'jingdouDiscount': 0, 'jingdouSteps': [], 'pointsDeductionRate': 0, 'rate': 100, 'totalCount': 0, 'usedCount': 0}, 'orderPriceBO': {'couponAbleNum': 0, 'couponDiscount': 0.0, 'couponDiscountTotal': 0.0, 'couponSelectNum': 0, 'couponTypeList': [], 'freight': 0.0, 'giftCardAbleNum': 0, 'giftCardDiscount': 0.0, 'giftCardSelectNum': 0, 'jingdouDiscount': 0, 'manjianDiscount': 0.0, 'orderTax': 0.0, 'productTotalPrice': 1499.0, 'redPacketDeductionAmount': 0, 'redPacketIsSelected': False, 'redPacketTotalAmount': 0.0, 'showXuZhongInfo': False, 'totalPrice': 1499.0, 'weight': '1.11', 'yunfeiDiscount': 0.0}, 'payment': {'paymentId': 4, 'paymentName': '在线支付'}, 'preSaleBO': {'hidePrice': False, 'refundDeposit': False}, 'seckillOrderExt': {}, 'seckillSkuVO': {'color': '茅台酒 单瓶装', 'extMap': {'YuShou': '1', 'is7ToReturn': '0', 'new7ToReturn': '8', 'thwa': '0', 'SoldOversea': '0'}, 'height': 0.0, 'jdPrice': 1499.0, 'length': 0.0, 'num': 1, 'rePrice': 0.0, 'size': '', 'skuId': 100012043978, 'skuImgUrl': 'jfs/t1/204850/31/20522/123067/61af3d74E747493f0/385d705a66b5263b.jpg', 'skuName': '茅台（MOUTAI）飞天 53%vol  500ml 贵州茅台酒（带杯）', 'skuPrice': 1499.0, 'thirdCategoryId': 0.0, 'venderName': '京东自营', 'venderType': 0, 'weight': 1.11, 'width': 0.0}, 'shipment': {'bundleUuid': '', 'obtainAllCombinationBundle': 'CombinationBundleRelation_1289919615345053700', 'obtainOrder': '1808379943', 'shipmentTimeType': 4, 'shipmentTimeTypeName': '标准达', 'shipmentType': 65, 'shipmentTypeName': '京东配送', 'uuid': '101612_1289919615475077135'}, 'token': 'd27340120154dbbc6220fee063b1259a', 'userInfoBO': {'userScore': 7036}}
2023-12-08 12:00:02,114 - INFO: 获取抢购链接:https://marathon.jd.com/seckillM/seckill.action?skuId=100012043978&num=1&rid=1702008001&deliveryMode=
2023-12-08 12:00:02,126 - INFO: 获取抢购链接:https://marathon.jd.com/seckillM/seckill.action?skuId=100012043978&num=1&rid=1702008001&deliveryMode=
2023-12-08 12:00:02,214 - INFO: 正在初始化:{'address': {'addressDetail': 'xxx', 'areaCode': '', 'cityId': 904, 'cityName': '南京市', 'countyId': 3373, 'countyName': '玄武区', 'defaultAddress': False, 'email': '', 'id': 8295054458, 'mobile': '188****7110', 'mobileKey': '086ebe707b9903763d48f21e3fcb5ce2', 'name': '峰', 'overseas': 0, 'phone': '', 'postCode': '', 'provinceId': 12, 'provinceName': '江苏', 'selected': True, 'townId': 62096, 'townName': '梅园新村街道', 'yuyueAddress': False}, 'buyNum': 2, 'code': '200', 'configInfo': {'sameCitySwitch': 1}, 'invoiceInfo': {'invoiceContentType': 1, 'invoicePhone': '188****7110', 'invoicePhoneKey': '086ebe707b9903763d48f21e3fcb5ce2', 'invoiceTitle': 4, 'invoiceType': 3}, 'jingdouBO': {'canUseCount': 0, 'forbidUseJingdou': True, 'jingdouDiscount': 0, 'jingdouSteps': [], 'pointsDeductionRate': 0, 'rate': 100, 'totalCount': 0, 'usedCount': 0}, 'orderPriceBO': {'couponAbleNum': 0, 'couponDiscount': 0.0, 'couponDiscountTotal': 0.0, 'couponSelectNum': 0, 'couponTypeList': [], 'freight': 0.0, 'giftCardAbleNum': 0, 'giftCardDiscount': 0.0, 'giftCardSelectNum': 0, 'jingdouDiscount': 0, 'manjianDiscount': 0.0, 'orderTax': 0.0, 'productTotalPrice': 1499.0, 'redPacketDeductionAmount': 0, 'redPacketIsSelected': False, 'redPacketTotalAmount': 0, 'showXuZhongInfo': False, 'totalPrice': 1499.0, 'weight': '1.11', 'yunfeiDiscount': 0.0}, 'payment': {'paymentId': 4, 'paymentName': '在线支付'}, 'preSaleBO': {'hidePrice': False, 'refundDeposit': False}, 'seckillOrderExt': {}, 'seckillSkuVO': {'color': '茅台酒 单瓶装', 'extMap': {'YuShou': '1', 'is7ToReturn': '0', 'new7ToReturn': '8', 'thwa': '0', 'SoldOversea': '0'}, 'height': 0.0, 'jdPrice': 1499.0, 'length': 0.0, 'num': 1, 'rePrice': 0.0, 'size': '', 'skuId': 100012043978, 'skuImgUrl': 'jfs/t1/204850/31/20522/123067/61af3d74E747493f0/385d705a66b5263b.jpg', 'skuName': '茅台（MOUTAI）飞天 53%vol  500ml 贵州茅台酒（带杯）', 'skuPrice': 1499.0, 'thirdCategoryId': 0.0, 'venderName': '京东自营', 'venderType': 0, 'weight': 1.11, 'width': 0.0}, 'shipment': {'bundleUuid': '', 'obtainAllCombinationBundle': 'CombinationBundleRelation_1289919615814971393', 'obtainOrder': '1871283238', 'shipmentTimeType': 4, 'shipmentTimeTypeName': '标准达', 'shipmentType': 65, 'shipmentTypeName': '京东配送', 'uuid': '101612_1289919616020492293'}, 'token': '96022d62983c366b0d0bc1f46c58f5c0', 'userInfoBO': {'userScore': 1426}}
2023-12-08 12:00:02,220 - INFO: 惠新抢购结果:{'errorMessage': '很遗憾没有抢到，再接再厉哦。', 'orderId': 0, 'resultCode': 90016, 'skuId': 0, 'success': False}
2023-12-08 12:00:02,335 - INFO: 峰抢购结果:{'errorMessage': '很遗憾没有抢到，再接再厉哦。', 'orderId': 0, 'resultCode': 90016, 'skuId': 0, 'success': False}
2023-12-08 12:00:02,341 - INFO: 获取抢购链接:https://marathon.jd.com/seckillM/seckill.action?skuId=100012043978&num=1&rid=1702008002&deliveryMode=
2023-12-08 12:00:02,480 - INFO: 峰抢购结果:{'errorMessage': '很遗憾没有抢到，再接再厉哦。', 'orderId': 0, 'resultCode': 90016, 'skuId': 0, 'success': False}
2023-12-08 12:00:02,511 - INFO: 获取抢购链接:https://marathon.jd.com/seckillM/seckill.action?skuId=100012043978&num=1&rid=1702008002&deliveryMode=
2023-12-08 12:00:02,536 - INFO: 正在初始化:{'address': {'addressDetail': 'xxx', 'areaCode': '', 'cityId': 904, 'cityName': '南京市', 'countyId': 3373, 'countyName': '玄武区', 'defaultAddress': False, 'email': '', 'id': 8295054458, 'mobile': '188****7110', 'mobileKey': '086ebe707b9903763d48f21e3fcb5ce2', 'name': '峰', 'overseas': 0, 'phone': '', 'postCode': '', 'provinceId': 12, 'provinceName': '江苏', 'selected': True, 'townId': 62096, 'townName': '梅园新村街道', 'yuyueAddress': False}, 'buyNum': 2, 'code': '200', 'configInfo': {'sameCitySwitch': 1}, 'invoiceInfo': {'invoiceContentType': 1, 'invoicePhone': '188****7110', 'invoicePhoneKey': '086ebe707b9903763d48f21e3fcb5ce2', 'invoiceTitle': 4, 'invoiceType': 3}, 'jingdouBO': {'canUseCount': 0, 'forbidUseJingdou': True, 'jingdouDiscount': 0, 'jingdouSteps': [], 'pointsDeductionRate': 0, 'rate': 100, 'totalCount': 0, 'usedCount': 0}, 'orderPriceBO': {'couponAbleNum': 0, 'couponDiscount': 0.0, 'couponDiscountTotal': 0.0, 'couponSelectNum': 0, 'couponTypeList': [], 'freight': 0.0, 'giftCardAbleNum': 0, 'giftCardDiscount': 0.0, 'giftCardSelectNum': 0, 'jingdouDiscount': 0, 'manjianDiscount': 0.0, 'orderTax': 0.0, 'productTotalPrice': 1499.0, 'redPacketDeductionAmount': 0, 'redPacketIsSelected': False, 'redPacketTotalAmount': 0, 'showXuZhongInfo': False, 'totalPrice': 1499.0, 'weight': '1.11', 'yunfeiDiscount': 0.0}, 'payment': {'paymentId': 4, 'paymentName': '在线支付'}, 'preSaleBO': {'hidePrice': False, 'refundDeposit': False}, 'seckillOrderExt': {}, 'seckillSkuVO': {'color': '茅台酒 单瓶装', 'extMap': {'YuShou': '1', 'is7ToReturn': '0', 'new7ToReturn': '8', 'thwa': '0', 'SoldOversea': '0'}, 'height': 0.0, 'jdPrice': 1499.0, 'length': 0.0, 'num': 1, 'rePrice': 0.0, 'size': '', 'skuId': 100012043978, 'skuImgUrl': 'jfs/t1/204850/31/20522/123067/61af3d74E747493f0/385d705a66b5263b.jpg', 'skuName': '茅台（MOUTAI）飞天 53%vol  500ml 贵州茅台酒（带杯）', 'skuPrice': 1499.0, 'thirdCategoryId': 0.0, 'venderName': '京东自营', 'venderType': 0, 'weight': 1.11, 'width': 0.0}, 'shipment': {'bundleUuid': '', 'obtainAllCombinationBundle': 'CombinationBundleRelation_1289919617170948099', 'obtainOrder': '1871283238', 'shipmentTimeType': 4, 'shipmentTimeTypeName': '标准达', 'shipmentType': 65, 'shipmentTypeName': '京东配送', 'uuid': '101612_1289919617313554433'}, 'token': '96022d62983c366b0d0bc1f46c58f5c0', 'userInfoBO': {'userScore': 1426}}
2023-12-08 12:00:02,666 - INFO: 峰抢购结果:{'errorMessage': '很遗憾没有抢到，再接再厉哦。', 'orderId': 0, 'resultCode': 90016, 'skuId': 0, 'success': False}
2023-12-08 12:00:02,700 - INFO: 获取抢购链接:https://marathon.jd.com/seckillM/seckill.action?skuId=100012043978&num=1&rid=1702008002&deliveryMode=
2023-12-08 12:00:02,813 - INFO: 获取抢购链接:https://marathon.jd.com/seckillM/seckill.action?skuId=100012043978&num=1&rid=1702008002&deliveryMode=
2023-12-08 12:00:02,861 - INFO: 惠新抢购结果:{'errorMessage': '很遗憾没有抢到，再接再厉哦。', 'orderId': 0, 'resultCode': 90008, 'skuId': 0, 'success': False}
2023-12-08 12:00:02,919 - INFO: 获取抢购链接:https://marathon.jd.com/seckillM/seckill.action?skuId=100012043978&num=1&rid=1702008002&deliveryMode=
2023-12-08 12:00:03,012 - INFO: 获取抢购链接:https://marathon.jd.com/seckillM/seckill.action?skuId=100012043978&num=1&rid=1702008002&deliveryMode=
2023-12-08 12:00:03,034 - INFO: 获取抢购链接:https://marathon.jd.com/seckillM/seckill.action?skuId=100012043978&num=1&rid=1702008002&deliveryMode=
2023-12-08 12:00:03,078 - INFO: 峰抢购结果:{'errorMessage': '很遗憾没有抢到，再接再厉哦。', 'orderId': 0, 'resultCode': 90016, 'skuId': 0, 'success': False}
2023-12-08 12:00:03,111 - INFO: 峰抢购结果:{'errorMessage': '很遗憾没有抢到，再接再厉哦。', 'orderId': 0, 'resultCode': 90016, 'skuId': 0, 'success': False}
2023-12-08 12:00:03,225 - INFO: 正在初始化:{'address': {'addressDetail': 'xxx', 'addressName': '家', 'areaCode': '86', 'cityId': 904, 'cityName': '南京市', 'countyId': 3373, 'countyName': '玄武区', 'defaultAddress': True, 'email': '', 'id': 6579269956, 'mobile': '159****1151', 'mobileKey': 'bafeefb992c99abaf3ba1d88b894a0ff', 'name': '惠新', 'overseas': 0, 'phone': '', 'postCode': '', 'provinceId': 12, 'provinceName': '江苏', 'selected': True, 'townId': 62102, 'townName': '玄武湖街道', 'yuyueAddress': False}, 'buyNum': 2, 'code': '200', 'configInfo': {'sameCitySwitch': 1}, 'invoiceInfo': {'invoiceCode': '', 'invoiceContentType': 1, 'invoicePhone': '159****1151', 'invoicePhoneKey': 'bafeefb992c99abaf3ba1d88b894a0ff', 'invoiceTitle': 4, 'invoiceType': 3}, 'jingdouBO': {'canUseCount': 0, 'forbidUseJingdou': True, 'jingdouDiscount': 0, 'jingdouSteps': [], 'pointsDeductionRate': 0, 'rate': 100, 'totalCount': 0, 'usedCount': 0}, 'orderPriceBO': {'couponAbleNum': 0, 'couponDiscount': 0.0, 'couponDiscountTotal': 0.0, 'couponSelectNum': 0, 'couponTypeList': [], 'freight': 0.0, 'giftCardAbleNum': 0, 'giftCardDiscount': 0.0, 'giftCardSelectNum': 0, 'jingdouDiscount': 0, 'manjianDiscount': 0.0, 'orderTax': 0.0, 'productTotalPrice': 1499.0, 'redPacketDeductionAmount': 0, 'redPacketIsSelected': False, 'redPacketTotalAmount': 0.0, 'showXuZhongInfo': False, 'totalPrice': 1499.0, 'weight': '1.11', 'yunfeiDiscount': 0.0}, 'payment': {'paymentId': 4, 'paymentName': '在线支付'}, 'preSaleBO': {'hidePrice': False, 'refundDeposit': False}, 'seckillOrderExt': {}, 'seckillSkuVO': {'color': '茅台酒 单瓶装', 'extMap': {'YuShou': '1', 'is7ToReturn': '0', 'new7ToReturn': '8', 'thwa': '0', 'SoldOversea': '0'}, 'height': 0.0, 'jdPrice': 1499.0, 'length': 0.0, 'num': 1, 'rePrice': 0.0, 'size': '', 'skuId': 100012043978, 'skuImgUrl': 'jfs/t1/204850/31/20522/123067/61af3d74E747493f0/385d705a66b5263b.jpg', 'skuName': '茅台（MOUTAI）飞天 53%vol  500ml 贵州茅台酒（带杯）', 'skuPrice': 1499.0, 'thirdCategoryId': 0.0, 'venderName': '京东自营', 'venderType': 0, 'weight': 1.11, 'width': 0.0}, 'shipment': {'bundleUuid': '', 'obtainAllCombinationBundle': 'CombinationBundleRelation_1289919620097187841', 'obtainOrder': '1808379943', 'shipmentTimeType': 4, 'shipmentTimeTypeName': '标准达', 'shipmentType': 65, 'shipmentTypeName': '京东配送', 'uuid': '101612_1289919620223016960'}, 'token': 'd27340120154dbbc6220fee063b1259a', 'userInfoBO': {'userScore': 7036}}
2023-12-08 12:00:03,269 - INFO: 获取抢购链接:https://marathon.jd.com/seckillM/seckill.action?skuId=100012043978&num=1&rid=1702008003&deliveryMode=
2023-12-08 12:00:03,296 - INFO: 峰抢购结果:{'errorMessage': '很遗憾没有抢到，再接再厉哦。', 'orderId': 0, 'resultCode': 90016, 'skuId': 0, 'success': False}
2023-12-08 12:00:03,341 - INFO: 获取抢购链接:https://marathon.jd.com/seckillM/seckill.action?skuId=100012043978&num=1&rid=1702008003&deliveryMode=
2023-12-08 12:00:03,358 - INFO: 惠新抢购结果:{'errorMessage': '很遗憾没有抢到，再接再厉哦。', 'orderId': 0, 'resultCode': 90016, 'skuId': 0, 'success': False}
2023-12-08 12:00:03,498 - INFO: 惠新抢购结果:{'errorMessage': '很遗憾没有抢到，再接再厉哦。', 'orderId': 0, 'resultCode': 90016, 'skuId': 0, 'success': False}
2023-12-08 12:00:03,519 - INFO: 正在初始化:{'address': {'addressDetail': '樱花路东方城启明园东方城启明园9栋3单元607', 'areaCode': '', 'cityId': 904, 'cityName': '南京市', 'countyId': 3373, 'countyName': '玄武区', 'defaultAddress': False, 'email': '', 'id': 8295054458, 'mobile': '188****7110', 'mobileKey': '086ebe707b9903763d48f21e3fcb5ce2', 'name': '峰', 'overseas': 0, 'phone': '', 'postCode': '', 'provinceId': 12, 'provinceName': '江苏', 'selected': True, 'townId': 62096, 'townName': '梅园新村街道', 'yuyueAddress': False}, 'buyNum': 2, 'code': '200', 'configInfo': {'sameCitySwitch': 1}, 'invoiceInfo': {'invoiceContentType': 1, 'invoicePhone': '188****7110', 'invoicePhoneKey': '086ebe707b9903763d48f21e3fcb5ce2', 'invoiceTitle': 4, 'invoiceType': 3}, 'jingdouBO': {'canUseCount': 0, 'forbidUseJingdou': True, 'jingdouDiscount': 0, 'jingdouSteps': [], 'pointsDeductionRate': 0, 'rate': 100, 'totalCount': 0, 'usedCount': 0}, 'orderPriceBO': {'couponAbleNum': 0, 'couponDiscount': 0.0, 'couponDiscountTotal': 0.0, 'couponSelectNum': 0, 'couponTypeList': [], 'freight': 0.0, 'giftCardAbleNum': 0, 'giftCardDiscount': 0.0, 'giftCardSelectNum': 0, 'jingdouDiscount': 0, 'manjianDiscount': 0.0, 'orderTax': 0.0, 'productTotalPrice': 1499.0, 'redPacketDeductionAmount': 0, 'redPacketIsSelected': False, 'redPacketTotalAmount': 0, 'showXuZhongInfo': False, 'totalPrice': 1499.0, 'weight': '1.11', 'yunfeiDiscount': 0.0}, 'payment': {'paymentId': 4, 'paymentName': '在线支付'}, 'preSaleBO': {'hidePrice': False, 'refundDeposit': False}, 'seckillOrderExt': {}, 'seckillSkuVO': {'color': '茅台酒 单瓶装', 'extMap': {'YuShou': '1', 'is7ToReturn': '0', 'new7ToReturn': '8', 'thwa': '0', 'SoldOversea': '0', 'skuNumberChange': '2'}, 'height': 0.0, 'jdPrice': 1499.0, 'length': 0.0, 'num': 1, 'rePrice': 0.0, 'size': '', 'skuId': 100012043978, 'skuImgUrl': 'jfs/t1/204850/31/20522/123067/61af3d74E747493f0/385d705a66b5263b.jpg', 'skuName': '茅台（MOUTAI）飞天 53%vol  500ml 贵州茅台酒（带杯）', 'skuPrice': 1499.0, 'thirdCategoryId': 0.0, 'venderName': '京东自营', 'venderType': 0, 'weight': 1.11, 'width': 0.0}, 'shipment': {'bundleUuid': '', 'obtainAllCombinationBundle': 'CombinationBundleRelation_1289919621336088584', 'obtainOrder': '1871283238', 'shipmentTimeType': 4, 'shipmentTimeTypeName': '标准达', 'shipmentType': 65, 'shipmentTypeName': '京东配送', 'uuid': '101612_1289919621478694920'}, 'token': '96022d62983c366b0d0bc1f46c58f5c0', 'userInfoBO': {'userScore': 1426}}
2023-12-08 12:00:03,616 - INFO: 获取抢购链接:https://marathon.jd.com/seckillM/seckill.action?skuId=100012043978&num=1&rid=1702008003&deliveryMode=
2023-12-08 12:00:03,637 - INFO: 峰抢购结果:{'errorMessage': '很遗憾没有抢到，再接再厉哦。', 'orderId': 0, 'resultCode': 90016, 'skuId': 0, 'success': False}
2023-12-08 12:00:03,721 - INFO: 峰抢购结果:{'errorMessage': '很遗憾没有抢到，再接再厉哦。', 'orderId': 0, 'resultCode': 90008, 'skuId': 0, 'success': False}
2023-12-08 12:00:03,737 - INFO: 峰抢购结果:{'errorMessage': '很遗憾没有抢到，再接再厉哦。', 'orderId': 0, 'resultCode': 90016, 'skuId': 0, 'success': False}
2023-12-08 12:00:03,791 - INFO: 正在初始化:{'address': {'addressDetail': 'xxx', 'addressName': '家', 'areaCode': '86', 'cityId': 904, 'cityName': '南京市', 'countyId': 3373, 'countyName': '玄武区', 'defaultAddress': True, 'email': '', 'id': 6579269956, 'mobile': '159****1151', 'mobileKey': 'bafeefb992c99abaf3ba1d88b894a0ff', 'name': '惠新', 'overseas': 0, 'phone': '', 'postCode': '', 'provinceId': 12, 'provinceName': '江苏', 'selected': True, 'townId': 62102, 'townName': '玄武湖街道', 'yuyueAddress': False}, 'buyNum': 2, 'code': '200', 'configInfo': {'sameCitySwitch': 1}, 'invoiceInfo': {'invoiceCode': '', 'invoiceContentType': 1, 'invoicePhone': '159****1151', 'invoicePhoneKey': 'bafeefb992c99abaf3ba1d88b894a0ff', 'invoiceTitle': 4, 'invoiceType': 3}, 'jingdouBO': {'canUseCount': 0, 'forbidUseJingdou': True, 'jingdouDiscount': 0, 'jingdouSteps': [], 'pointsDeductionRate': 0, 'rate': 100, 'totalCount': 0, 'usedCount': 0}, 'orderPriceBO': {'couponAbleNum': 0, 'couponDiscount': 0.0, 'couponDiscountTotal': 0.0, 'couponSelectNum': 0, 'couponTypeList': [], 'freight': 0.0, 'giftCardAbleNum': 0, 'giftCardDiscount': 0.0, 'giftCardSelectNum': 0, 'jingdouDiscount': 0, 'manjianDiscount': 0.0, 'orderTax': 0.0, 'productTotalPrice': 1499.0, 'redPacketDeductionAmount': 0, 'redPacketIsSelected': False, 'redPacketTotalAmount': 0.0, 'showXuZhongInfo': False, 'totalPrice': 1499.0, 'weight': '1.11', 'yunfeiDiscount': 0.0}, 'payment': {'paymentId': 4, 'paymentName': '在线支付'}, 'preSaleBO': {'hidePrice': False, 'refundDeposit': False}, 'seckillOrderExt': {}, 'seckillSkuVO': {'color': '茅台酒 单瓶装', 'extMap': {'YuShou': '1', 'is7ToReturn': '0', 'new7ToReturn': '8', 'thwa': '0', 'SoldOversea': '0', 'skuNumberChange': '2'}, 'height': 0.0, 'jdPrice': 1499.0, 'length': 0.0, 'num': 1, 'rePrice': 0.0, 'size': '', 'skuId': 100012043978, 'skuImgUrl': 'jfs/t1/204850/31/20522/123067/61af3d74E747493f0/385d705a66b5263b.jpg', 'skuName': '茅台（MOUTAI）飞天 53%vol  500ml 贵州茅台酒（带杯）', 'skuPrice': 1499.0, 'thirdCategoryId': 0.0, 'venderName': '京东自营', 'venderType': 0, 'weight': 1.11, 'width': 0.0}, 'shipment': {'bundleUuid': '', 'obtainAllCombinationBundle': 'CombinationBundleRelation_1289919622514810899', 'obtainOrder': '1808379943', 'shipmentTimeType': 4, 'shipmentTimeTypeName': '标准达', 'shipmentType': 65, 'shipmentTypeName': '京东配送', 'uuid': '101612_1289919622640640001'}, 'token': 'd27340120154dbbc6220fee063b1259a', 'userInfoBO': {'userScore': 7036}}
2023-12-08 12:00:03,905 - INFO: 峰抢购结果:{'errorMessage': '很遗憾没有抢到，再接再厉哦。', 'orderId': 0, 'resultCode': 90016, 'skuId': 0, 'success': False}
2023-12-08 12:00:03,976 - INFO: 惠新抢购结果:{'errorMessage': '很遗憾没有抢到，再接再厉哦。', 'orderId': 0, 'resultCode': 90016, 'skuId': 0, 'success': False}
2023-12-08 12:00:04,018 - INFO: 惠新抢购结果:{'errorMessage': '很遗憾没有抢到，再接再厉哦。', 'orderId': 0, 'resultCode': 90016, 'skuId': 0, 'success': False}
2023-12-08 12:00:04,052 - INFO: 获取抢购链接:https://marathon.jd.com/seckillM/seckill.action?skuId=100012043978&num=1&rid=1702008003&deliveryMode=
2023-12-08 12:00:04,221 - INFO: 惠新抢购结果:{'errorMessage': '很遗憾没有抢到，再接再厉哦。', 'orderId': 0, 'resultCode': 90016, 'skuId': 0, 'success': False}
2023-12-08 12:00:04,259 - INFO: 峰抢购结果:{'errorMessage': '很遗憾没有抢到，再接再厉哦。', 'orderId': 0, 'resultCode': 90016, 'skuId': 0, 'success': False}
2023-12-08 12:00:04,335 - INFO: 峰抢购结果:{'errorMessage': '很遗憾没有抢到，再接再厉哦。', 'orderId': 0, 'resultCode': 90016, 'skuId': 0, 'success': False}
2023-12-08 12:00:04,352 - INFO: 获取抢购链接:https://marathon.jd.com/seckillM/seckill.action?skuId=100012043978&num=1&rid=1702008004&deliveryMode=
2023-12-08 12:00:04,486 - INFO: 峰抢购结果:{'errorMessage': '很遗憾没有抢到，再接再厉哦。', 'orderId': 0, 'resultCode': 90016, 'skuId': 0, 'success': False}
2023-12-08 12:00:04,524 - INFO: 峰抢购结果:{'errorMessage': '很遗憾没有抢到，再接再厉哦。', 'orderId': 0, 'resultCode': 90016, 'skuId': 0, 'success': False}
2023-12-08 12:00:04,532 - INFO: 正在初始化:{'address': {'addressDetail': 'xxx', 'areaCode': '', 'cityId': 904, 'cityName': '南京市', 'countyId': 3373, 'countyName': '玄武区', 'defaultAddress': False, 'email': '', 'id': 8295054458, 'mobile': '188****7110', 'mobileKey': '086ebe707b9903763d48f21e3fcb5ce2', 'name': '峰', 'overseas': 0, 'phone': '', 'postCode': '', 'provinceId': 12, 'provinceName': '江苏', 'selected': True, 'townId': 62096, 'townName': '梅园新村街道', 'yuyueAddress': False}, 'buyNum': 2, 'code': '200', 'configInfo': {'sameCitySwitch': 1}, 'invoiceInfo': {'invoiceContentType': 1, 'invoicePhone': '188****7110', 'invoicePhoneKey': '086ebe707b9903763d48f21e3fcb5ce2', 'invoiceTitle': 4, 'invoiceType': 3}, 'jingdouBO': {'canUseCount': 0, 'forbidUseJingdou': True, 'jingdouDiscount': 0, 'jingdouSteps': [], 'pointsDeductionRate': 0, 'rate': 100, 'totalCount': 0, 'usedCount': 0}, 'orderPriceBO': {'couponAbleNum': 0, 'couponDiscount': 0.0, 'couponDiscountTotal': 0.0, 'couponSelectNum': 0, 'couponTypeList': [], 'freight': 0.0, 'giftCardAbleNum': 0, 'giftCardDiscount': 0.0, 'giftCardSelectNum': 0, 'jingdouDiscount': 0, 'manjianDiscount': 0.0, 'orderTax': 0.0, 'productTotalPrice': 1499.0, 'redPacketDeductionAmount': 0, 'redPacketIsSelected': False, 'redPacketTotalAmount': 0, 'showXuZhongInfo': False, 'totalPrice': 1499.0, 'weight': '1.11', 'yunfeiDiscount': 0.0}, 'payment': {'paymentId': 4, 'paymentName': '在线支付'}, 'preSaleBO': {'hidePrice': False, 'refundDeposit': False}, 'seckillOrderExt': {}, 'seckillSkuVO': {'color': '茅台酒 单瓶装', 'extMap': {'YuShou': '1', 'is7ToReturn': '0', 'new7ToReturn': '8', 'thwa': '0', 'SoldOversea': '0', 'skuNumberChange': '2'}, 'height': 0.0, 'jdPrice': 1499.0, 'length': 0.0, 'num': 1, 'rePrice': 0.0, 'size': '', 'skuId': 100012043978, 'skuImgUrl': 'jfs/t1/204850/31/20522/123067/61af3d74E747493f0/385d705a66b5263b.jpg', 'skuName': '茅台（MOUTAI）飞天 53%vol  500ml 贵州茅台酒（带杯）', 'skuPrice': 1499.0, 'thirdCategoryId': 0.0, 'venderName': '京东自营', 'venderType': 0, 'weight': 1.11, 'width': 0.0}, 'shipment': {'bundleUuid': '', 'obtainAllCombinationBundle': 'CombinationBundleRelation_1289919625598787585', 'obtainOrder': '1871283238', 'shipmentTimeType': 4, 'shipmentTimeTypeName': '标准达', 'shipmentType': 65, 'shipmentTypeName': '京东配送', 'uuid': '101612_1289919625741393921'}, 'token': '96022d62983c366b0d0bc1f46c58f5c0', 'userInfoBO': {'userScore': 1426}}
2023-12-08 12:00:04,641 - INFO: 惠新抢购结果:{'errorMessage': '很遗憾没有抢到，再接再厉哦。', 'orderId': 0, 'resultCode': 90016, 'skuId': 0, 'success': False}
2023-12-08 12:00:04,651 - INFO: 峰抢购结果:{'errorMessage': '很遗憾没有抢到，再接再厉哦。', 'orderId': 0, 'resultCode': 90016, 'skuId': 0, 'success': False}
2023-12-08 12:00:04,722 - INFO: 惠新抢购结果:{'errorMessage': '很遗憾没有抢到，再接再厉哦。', 'orderId': 0, 'resultCode': 90016, 'skuId': 0, 'success': False}
2023-12-08 12:00:04,963 - INFO: 惠新抢购结果:{'errorMessage': '很遗憾没有抢到，再接再厉哦。', 'orderId': 0, 'resultCode': 90016, 'skuId': 0, 'success': False}
2023-12-08 12:00:04,973 - INFO: 峰抢购结果:{'errorMessage': '很遗憾没有抢到，再接再厉哦。', 'orderId': 0, 'resultCode': 90016, 'skuId': 0, 'success': False}
2023-12-08 12:00:05,016 - INFO: 峰抢购结果:{'errorMessage': '很遗憾没有抢到，再接再厉哦。', 'orderId': 0, 'resultCode': 90008, 'skuId': 0, 'success': False}
2023-12-08 12:00:05,114 - INFO: 峰抢购结果:{'errorMessage': '很遗憾没有抢到，再接再厉哦。', 'orderId': 0, 'resultCode': 90016, 'skuId': 0, 'success': False}
2023-12-08 12:00:05,150 - INFO: 结束
2023-12-08 12:00:05,157 - INFO: 结束
2023-12-08 12:00:05,166 - INFO: 结束
2023-12-08 12:00:05,230 - INFO: 结束
2023-12-08 12:00:05,468 - INFO: 结束
2023-12-08 12:00:05,483 - INFO: 结束
2023-12-08 12:00:05,532 - INFO: 结束
2023-12-08 12:00:05,626 - INFO: 结束
